<?xml version="1.0" encoding="utf-8"?><testsuites name="pytest tests"><testsuite name="pytest" errors="0" failures="0" skipped="0" tests="12" time="2.664" timestamp="2026-04-20T10:58:09.996783+00:00" hostname="agent-env-b2d5ca74-5d05-4597-be48-6c224fea082b"><testcase classname="backend.tests.test_iteration4.TestSubscriptions" name="test_plans_list" time="0.247" /><testcase classname="backend.tests.test_iteration4.TestSubscriptions" name="test_subscribe_updates_user" time="0.208" /><testcase classname="backend.tests.test_iteration4.TestSubscriptions" name="test_subscribe_invalid_plan" time="0.049" /><testcase classname="backend.tests.test_iteration4.TestSubscriptions" name="test_subscribe_requires_auth" time="0.049" /><testcase classname="backend.tests.test_iteration4.TestClientAddress" name="test_client_stores_and_returns_address" time="0.197" /><testcase classname="backend.tests.test_iteration4.TestRejectLoan" name="test_reject_sets_status_and_reason" time="0.307" /><testcase classname="backend.tests.test_iteration4.TestRejectLoan" name="test_reject_other_lenders_client_404" time="0.303" /><testcase classname="backend.tests.test_iteration4.TestApproveLoan" name="test_approve_zero_interest" time="0.249" /><testcase classname="backend.tests.test_iteration4.TestApproveLoan" name="test_approve_with_interest" time="0.205" /><testcase classname="backend.tests.test_iteration4.TestApproveLoan" name="test_approve_validations" time="0.253" /><testcase classname="backend.tests.test_iteration4.TestApproveLoan" name="test_approve_other_lenders_client_404" time="0.203" /><testcase classname="backend.tests.test_iteration4.TestApproveLoan" name="test_approve_creates_disbursement_transaction" time="0.302" /></testsuite></testsuites>