<?xml version="1.0" encoding="utf-8"?><testsuites name="pytest tests"><testsuite name="pytest" errors="0" failures="3" skipped="0" tests="41" time="21.505" timestamp="2026-04-20T09:41:40.422778+00:00" hostname="agent-env-b2d5ca74-5d05-4597-be48-6c224fea082b"><testcase classname="backend.tests.test_iteration3.TestAadhaarOtp" name="test_send_otp_valid" time="0.370" /><testcase classname="backend.tests.test_iteration3.TestAadhaarOtp" name="test_send_otp_invalid_checksum" time="0.051" /><testcase classname="backend.tests.test_iteration3.TestAadhaarOtp" name="test_send_otp_requires_auth" time="0.048" /><testcase classname="backend.tests.test_iteration3.TestAadhaarOtp" name="test_verify_otp_success_returns_name" time="0.102" /><testcase classname="backend.tests.test_iteration3.TestAadhaarOtp" name="test_verify_otp_wrong" time="0.104" /><testcase classname="backend.tests.test_iteration3.TestAadhaarOtp" name="test_verify_otp_cross_lender_denied" time="0.210" /><testcase classname="backend.tests.test_iteration3.TestPanVerify" name="test_pan_returns_name_dob_entity" time="0.059" /><testcase classname="backend.tests.test_iteration3.TestPanVerify" name="test_pan_deterministic" time="0.098" /><testcase classname="backend.tests.test_iteration3.TestClientCreateI3" name="test_create_stores_aadhaar_pan_name_dob" time="0.379" /><testcase classname="backend.tests.test_iteration3.TestClientLoans" name="test_empty_for_new_client" time="0.330"><failure message="AssertionError: {&quot;detail&quot;:&quot;A client with this PAN already exists.&quot;}&#10;assert 400 == 200&#10; +  where 400 = &lt;Response [400]&gt;.status_code">backend/tests/test_iteration3.py:192: in test_empty_for_new_client
    c, _, _ = _make_client(session, lender_a["hdr"])
              ^^^^^^^^^^^^^^^^^^^^^^^^^^^^^^^^^^^^^^
backend/tests/test_iteration3.py:101: in _make_client
    assert rc.status_code == 200, rc.text
E   AssertionError: {"detail":"A client with this PAN already exists."}
E   assert 400 == 200
E    +  where 400 = &lt;Response [400]&gt;.status_code</failure></testcase><testcase classname="backend.tests.test_iteration3.TestClientLoans" name="test_cross_lender_denied" time="0.318"><failure message="AssertionError: {&quot;detail&quot;:&quot;A client with this PAN already exists.&quot;}&#10;assert 400 == 200&#10; +  where 400 = &lt;Response [400]&gt;.status_code">backend/tests/test_iteration3.py:198: in test_cross_lender_denied
    c, _, _ = _make_client(session, lender_a["hdr"])
              ^^^^^^^^^^^^^^^^^^^^^^^^^^^^^^^^^^^^^^
backend/tests/test_iteration3.py:101: in _make_client
    assert rc.status_code == 200, rc.text
E   AssertionError: {"detail":"A client with this PAN already exists."}
E   assert 400 == 200
E    +  where 400 = &lt;Response [400]&gt;.status_code</failure></testcase><testcase classname="backend.tests.test_iteration3.TestAnalyzeStatement" name="test_requires_auth" time="0.552" /><testcase classname="backend.tests.test_iteration3.TestAnalyzeStatement" name="test_analyze_shape_and_chart_size" time="9.445" /><testcase classname="backend.tests.test_iteration3.TestAnalyzeStatement" name="test_cross_lender_client_404" time="0.062" /><testcase classname="backend.tests.test_iteration3.TestCibil" name="test_requires_auth" time="0.051" /><testcase classname="backend.tests.test_iteration3.TestCibil" name="test_cibil_shape" time="6.735" /><testcase classname="backend.tests.test_iteration3.TestCreateLoanApp" name="test_create_and_visible_in_client_loans" time="0.102" /><testcase classname="backend.tests.test_iteration3.TestCreateLoanApp" name="test_requires_valid_client" time="0.045" /><testcase classname="backend.tests.test_iteration3.TestCreateLoanApp" name="test_requires_auth" time="0.049" /><testcase classname="backend.tests.backend_test.TestAuthOTP" name="test_send_otp_signup_returns_demo_otp" time="0.164" /><testcase classname="backend.tests.backend_test.TestAuthOTP" name="test_verify_otp_issues_token_and_persists_user" time="0.145" /><testcase classname="backend.tests.backend_test.TestAuthOTP" name="test_login_existing_user_with_purpose_login" time="0.235" /><testcase classname="backend.tests.backend_test.TestAuthOTP" name="test_send_otp_invalid_mobile_returns_400" time="0.045" /><testcase classname="backend.tests.backend_test.TestAuthOTP" name="test_login_unregistered_mobile_returns_404" time="0.044" /><testcase classname="backend.tests.backend_test.TestAuthOTP" name="test_verify_wrong_otp_returns_400" time="0.092" /><testcase classname="backend.tests.backend_test.TestAuthOTP" name="test_me_without_token_401" time="0.043" /><testcase classname="backend.tests.backend_test.TestClientKYC" name="test_aadhaar_valid" time="0.044" /><testcase classname="backend.tests.backend_test.TestClientKYC" name="test_aadhaar_invalid_checksum" time="0.043" /><testcase classname="backend.tests.backend_test.TestClientKYC" name="test_pan_valid" time="0.046" /><testcase classname="backend.tests.backend_test.TestClientKYC" name="test_pan_invalid" time="0.060" /><testcase classname="backend.tests.backend_test.TestClients" name="test_send_otp_requires_auth" time="0.044" /><testcase classname="backend.tests.backend_test.TestClients" name="test_create_client_full_flow_and_persistence" time="0.137"><failure message="AssertionError: {&quot;detail&quot;:&quot;A client with this mobile already exists.&quot;}&#10;assert 400 == 200&#10; +  where 400 = &lt;Response [400]&gt;.status_code">backend/tests/backend_test.py:168: in test_create_client_full_flow_and_persistence
    assert r.status_code == 200, r.text
E   AssertionError: {"detail":"A client with this mobile already exists."}
E   assert 400 == 200
E    +  where 400 = &lt;Response [400]&gt;.status_code</failure></testcase><testcase classname="backend.tests.backend_test.TestClients" name="test_list_and_search_clients" time="0.182" /><testcase classname="backend.tests.backend_test.TestClients" name="test_create_without_verification_fails" time="0.046" /><testcase classname="backend.tests.backend_test.TestClients" name="test_duplicate_mobile_fails" time="0.150" /><testcase classname="backend.tests.backend_test.TestClients" name="test_duplicate_pan_fails" time="0.140" /><testcase classname="backend.tests.backend_test.TestClients" name="test_lender_isolation" time="0.186" /><testcase classname="backend.tests.backend_test.TestClients" name="test_delete_client_and_verify_404" time="0.258" /><testcase classname="backend.tests.backend_test.TestLegacySmoke" name="test_dashboard_shape" time="0.046" /><testcase classname="backend.tests.backend_test.TestLegacySmoke" name="test_list_pending_applications_seeded" time="0.046" /><testcase classname="backend.tests.backend_test.TestLegacySmoke" name="test_notifications_list" time="0.045" /></testsuite></testsuites>