<?xml version="1.0" encoding="utf-8"?><testsuites name="pytest tests"><testsuite name="pytest" errors="0" failures="0" skipped="0" tests="15" time="11.074" timestamp="2026-04-20T08:36:47.358514+00:00" hostname="agent-env-b2d5ca74-5d05-4597-be48-6c224fea082b"><testcase classname="backend.tests.backend_test.TestAuth" name="test_register_new_user" time="0.438" /><testcase classname="backend.tests.backend_test.TestAuth" name="test_register_duplicate_fails" time="0.057" /><testcase classname="backend.tests.backend_test.TestAuth" name="test_login_success" time="0.272" /><testcase classname="backend.tests.backend_test.TestAuth" name="test_login_wrong_password" time="0.274" /><testcase classname="backend.tests.backend_test.TestAuth" name="test_me_with_token" time="0.049" /><testcase classname="backend.tests.backend_test.TestAuth" name="test_me_without_token" time="0.048" /><testcase classname="backend.tests.backend_test.TestDashboard" name="test_dashboard_shape" time="0.051" /><testcase classname="backend.tests.backend_test.TestApplications" name="test_list_pending_has_seed" time="0.050" /><testcase classname="backend.tests.backend_test.TestApplications" name="test_get_application_generates_ai_score" time="0.103" /><testcase classname="backend.tests.backend_test.TestLenderWorkflow" name="test_approve" time="0.115" /><testcase classname="backend.tests.backend_test.TestLenderWorkflow" name="test_reject" time="0.051" /><testcase classname="backend.tests.backend_test.TestLenderWorkflow" name="test_fund_creates_loan_and_txn" time="9.072" /><testcase classname="backend.tests.backend_test.TestLenderWorkflow" name="test_repay_month" time="0.100" /><testcase classname="backend.tests.backend_test.TestLenderWorkflow" name="test_list_loans" time="0.064" /><testcase classname="backend.tests.backend_test.TestNotifications" name="test_list_and_mark_all_read" time="0.140" /></testsuite></testsuites>